{"level":"info","message":"Server running on port 3000","timestamp":"2025-03-28T14:37:48.250Z"}
{"level":"info","message":"Database connected","timestamp":"2025-03-28T14:37:48.703Z"}
{"level":"info","message":"Server running on port 3000","timestamp":"2025-03-28T14:50:22.390Z"}
{"level":"info","message":"Database connected","timestamp":"2025-03-28T14:50:22.528Z"}
{"level":"info","message":"Server running on port 3000","timestamp":"2025-03-28T15:24:48.050Z"}
{"level":"info","message":"Database connected","timestamp":"2025-03-28T15:24:48.223Z"}
{"level":"info","message":"Server running on port 3000","timestamp":"2025-03-28T15:34:47.552Z"}
{"level":"info","message":"Database connected","timestamp":"2025-03-28T15:34:47.760Z"}
{"level":"info","message":"Server running on port 3000","timestamp":"2025-03-28T15:34:55.792Z"}
{"level":"info","message":"Database connected","timestamp":"2025-03-28T15:34:55.899Z"}
{"level":"info","message":"Server running on port 3000","timestamp":"2025-03-31T20:34:39.640Z"}
{"level":"info","message":"Database connected","timestamp":"2025-03-31T20:34:39.849Z"}
{"level":"info","message":"Server running on port 3000","timestamp":"2025-03-31T20:39:41.631Z"}
{"level":"info","message":"Database connected","timestamp":"2025-03-31T20:39:41.781Z"}
{"level":"info","message":"Server running on port 3000","timestamp":"2025-03-31T20:41:19.718Z"}
{"level":"info","message":"Database connected","timestamp":"2025-03-31T20:41:19.850Z"}
{"level":"info","message":"Server running on port 3000","timestamp":"2025-03-31T20:50:23.878Z"}
{"level":"info","message":"Database connected","timestamp":"2025-03-31T20:50:24.267Z"}
{"level":"info","message":"Server running on port 3000","timestamp":"2025-03-31T20:54:28.517Z"}
{"level":"info","message":"Database connected","timestamp":"2025-03-31T20:54:28.664Z"}
{"level":"info","message":"Server running on port 3000","timestamp":"2025-03-31T21:08:49.631Z"}
{"level":"info","message":"Database connected","timestamp":"2025-03-31T21:08:49.812Z"}
{"level":"info","message":"Server running on port 3000","timestamp":"2025-03-31T21:09:23.446Z"}
{"level":"info","message":"Database connected","timestamp":"2025-03-31T21:09:23.597Z"}
{"level":"info","message":"Server running on port 3000","timestamp":"2025-03-31T21:09:57.976Z"}
{"level":"info","message":"Database connected","timestamp":"2025-03-31T21:09:58.096Z"}
{"level":"info","message":"Server running on port 3000","timestamp":"2025-03-31T21:26:22.439Z"}
{"level":"info","message":"Database connected","timestamp":"2025-03-31T21:26:22.587Z"}
{"level":"info","message":"Server running on port 3000","timestamp":"2025-03-31T21:27:30.948Z"}
{"level":"info","message":"Database connected","timestamp":"2025-03-31T21:27:31.866Z"}
{"level":"info","message":"Server running on port 3000","timestamp":"2025-03-31T21:27:52.328Z"}
{"level":"info","message":"Database connected","timestamp":"2025-03-31T21:27:52.536Z"}
{"level":"info","message":"Server running on port 3000","timestamp":"2025-03-31T21:34:20.933Z"}
{"level":"info","message":"Database connected","timestamp":"2025-03-31T21:34:21.087Z"}
{"level":"info","message":"Server running on port 3000","timestamp":"2025-03-31T21:38:13.953Z"}
{"level":"info","message":"Database connected","timestamp":"2025-03-31T21:38:14.100Z"}
{"level":"info","message":"Server running on port 3000","timestamp":"2025-03-31T21:44:11.399Z"}
{"level":"info","message":"Database connected","timestamp":"2025-03-31T21:44:11.551Z"}
{"level":"info","message":"Server running on port 3000","timestamp":"2025-03-31T21:44:25.417Z"}
{"level":"info","message":"Database connected","timestamp":"2025-03-31T21:44:25.545Z"}
{"level":"info","message":"Server running on port 3000","timestamp":"2025-03-31T21:44:33.431Z"}
{"level":"info","message":"Database connected","timestamp":"2025-03-31T21:44:33.555Z"}
{"level":"info","message":"Server running on port 3000","timestamp":"2025-03-31T21:52:26.657Z"}
{"level":"info","message":"Database connected","timestamp":"2025-03-31T21:52:26.837Z"}
{"level":"error","message":"Unhandled error: sequelize.define is not a function","stack":"TypeError: sequelize.define is not a function\n    at module.exports (/Users/williedaniels/Summative-locator_backend/summative-locator-backend/src/routes/events.js:5:27)\n    at Layer.handle [as handle_request] (/Users/williedaniels/Summative-locator_backend/summative-locator-backend/node_modules/express/lib/router/layer.js:95:5)\n    at trim_prefix (/Users/williedaniels/Summative-locator_backend/summative-locator-backend/node_modules/express/lib/router/index.js:328:13)\n    at /Users/williedaniels/Summative-locator_backend/summative-locator-backend/node_modules/express/lib/router/index.js:286:9\n    at Function.process_params (/Users/williedaniels/Summative-locator_backend/summative-locator-backend/node_modules/express/lib/router/index.js:346:12)\n    at next (/Users/williedaniels/Summative-locator_backend/summative-locator-backend/node_modules/express/lib/router/index.js:280:10)\n    at urlencodedParser (/Users/williedaniels/Summative-locator_backend/summative-locator-backend/node_modules/body-parser/lib/types/urlencoded.js:85:7)\n    at Layer.handle [as handle_request] (/Users/williedaniels/Summative-locator_backend/summative-locator-backend/node_modules/express/lib/router/layer.js:95:5)\n    at trim_prefix (/Users/williedaniels/Summative-locator_backend/summative-locator-backend/node_modules/express/lib/router/index.js:328:13)\n    at /Users/williedaniels/Summative-locator_backend/summative-locator-backend/node_modules/express/lib/router/index.js:286:9","timestamp":"2025-03-31T21:52:46.181Z"}
{"level":"error","message":"Unhandled error: sequelize.define is not a function","stack":"TypeError: sequelize.define is not a function\n    at module.exports (/Users/williedaniels/Summative-locator_backend/summative-locator-backend/src/routes/events.js:5:27)\n    at Layer.handle [as handle_request] (/Users/williedaniels/Summative-locator_backend/summative-locator-backend/node_modules/express/lib/router/layer.js:95:5)\n    at trim_prefix (/Users/williedaniels/Summative-locator_backend/summative-locator-backend/node_modules/express/lib/router/index.js:328:13)\n    at /Users/williedaniels/Summative-locator_backend/summative-locator-backend/node_modules/express/lib/router/index.js:286:9\n    at Function.process_params (/Users/williedaniels/Summative-locator_backend/summative-locator-backend/node_modules/express/lib/router/index.js:346:12)\n    at next (/Users/williedaniels/Summative-locator_backend/summative-locator-backend/node_modules/express/lib/router/index.js:280:10)\n    at urlencodedParser (/Users/williedaniels/Summative-locator_backend/summative-locator-backend/node_modules/body-parser/lib/types/urlencoded.js:85:7)\n    at Layer.handle [as handle_request] (/Users/williedaniels/Summative-locator_backend/summative-locator-backend/node_modules/express/lib/router/layer.js:95:5)\n    at trim_prefix (/Users/williedaniels/Summative-locator_backend/summative-locator-backend/node_modules/express/lib/router/index.js:328:13)\n    at /Users/williedaniels/Summative-locator_backend/summative-locator-backend/node_modules/express/lib/router/index.js:286:9","timestamp":"2025-03-31T21:53:18.612Z"}
{"level":"error","message":"Unhandled error: sequelize.define is not a function","stack":"TypeError: sequelize.define is not a function\n    at module.exports (/Users/williedaniels/Summative-locator_backend/summative-locator-backend/src/routes/events.js:5:27)\n    at Layer.handle [as handle_request] (/Users/williedaniels/Summative-locator_backend/summative-locator-backend/node_modules/express/lib/router/layer.js:95:5)\n    at trim_prefix (/Users/williedaniels/Summative-locator_backend/summative-locator-backend/node_modules/express/lib/router/index.js:328:13)\n    at /Users/williedaniels/Summative-locator_backend/summative-locator-backend/node_modules/express/lib/router/index.js:286:9\n    at Function.process_params (/Users/williedaniels/Summative-locator_backend/summative-locator-backend/node_modules/express/lib/router/index.js:346:12)\n    at next (/Users/williedaniels/Summative-locator_backend/summative-locator-backend/node_modules/express/lib/router/index.js:280:10)\n    at urlencodedParser (/Users/williedaniels/Summative-locator_backend/summative-locator-backend/node_modules/body-parser/lib/types/urlencoded.js:85:7)\n    at Layer.handle [as handle_request] (/Users/williedaniels/Summative-locator_backend/summative-locator-backend/node_modules/express/lib/router/layer.js:95:5)\n    at trim_prefix (/Users/williedaniels/Summative-locator_backend/summative-locator-backend/node_modules/express/lib/router/index.js:328:13)\n    at /Users/williedaniels/Summative-locator_backend/summative-locator-backend/node_modules/express/lib/router/index.js:286:9","timestamp":"2025-03-31T21:53:41.737Z"}
{"level":"error","message":"Unhandled error: sequelize.define is not a function","stack":"TypeError: sequelize.define is not a function\n    at module.exports (/Users/williedaniels/Summative-locator_backend/summative-locator-backend/src/routes/events.js:5:27)\n    at Layer.handle [as handle_request] (/Users/williedaniels/Summative-locator_backend/summative-locator-backend/node_modules/express/lib/router/layer.js:95:5)\n    at trim_prefix (/Users/williedaniels/Summative-locator_backend/summative-locator-backend/node_modules/express/lib/router/index.js:328:13)\n    at /Users/williedaniels/Summative-locator_backend/summative-locator-backend/node_modules/express/lib/router/index.js:286:9\n    at Function.process_params (/Users/williedaniels/Summative-locator_backend/summative-locator-backend/node_modules/express/lib/router/index.js:346:12)\n    at next (/Users/williedaniels/Summative-locator_backend/summative-locator-backend/node_modules/express/lib/router/index.js:280:10)\n    at urlencodedParser (/Users/williedaniels/Summative-locator_backend/summative-locator-backend/node_modules/body-parser/lib/types/urlencoded.js:85:7)\n    at Layer.handle [as handle_request] (/Users/williedaniels/Summative-locator_backend/summative-locator-backend/node_modules/express/lib/router/layer.js:95:5)\n    at trim_prefix (/Users/williedaniels/Summative-locator_backend/summative-locator-backend/node_modules/express/lib/router/index.js:328:13)\n    at /Users/williedaniels/Summative-locator_backend/summative-locator-backend/node_modules/express/lib/router/index.js:286:9","timestamp":"2025-03-31T21:53:47.747Z"}
{"level":"info","message":"Server running on port 3000","timestamp":"2025-03-31T21:56:51.961Z"}
{"level":"info","message":"Database connected","timestamp":"2025-03-31T21:56:52.143Z"}
{"level":"info","message":"Server running on port 3000","timestamp":"2025-03-31T21:57:02.761Z"}
{"level":"info","message":"Database connected","timestamp":"2025-03-31T21:57:02.872Z"}
{"level":"info","message":"Database tables synced","timestamp":"2025-03-31T21:57:02.873Z"}
{"level":"info","message":"Server running on port 3000","timestamp":"2025-03-31T21:57:17.087Z"}
{"level":"info","message":"Database connected","timestamp":"2025-03-31T21:57:17.217Z"}
{"level":"info","message":"Database tables synced","timestamp":"2025-03-31T21:57:17.217Z"}
{"level":"error","message":"Error creating event: relation \"events\" does not exist","timestamp":"2025-03-31T21:58:26.394Z"}
{"level":"info","message":"Server running on port 3000","timestamp":"2025-03-31T22:01:09.502Z"}
{"level":"info","message":"Database connected","timestamp":"2025-03-31T22:01:09.682Z"}
{"level":"info","message":"Database tables synced","timestamp":"2025-03-31T22:01:09.683Z"}
{"level":"info","message":"Server running on port 3000","timestamp":"2025-03-31T22:05:00.318Z"}
{"level":"info","message":"Database connected","timestamp":"2025-03-31T22:05:00.454Z"}
{"level":"info","message":"Database tables synced","timestamp":"2025-03-31T22:05:00.455Z"}
{"level":"info","message":"Server running on port 3000","timestamp":"2025-03-31T22:05:04.759Z"}
{"level":"info","message":"Database connected","timestamp":"2025-03-31T22:05:04.877Z"}
{"level":"info","message":"Database tables synced","timestamp":"2025-03-31T22:05:04.878Z"}
{"level":"error","message":"Error creating event: relation \"events\" does not exist","timestamp":"2025-03-31T22:05:07.781Z"}
{"level":"info","message":"Server running on port 3000","timestamp":"2025-03-31T22:05:13.492Z"}
{"level":"info","message":"Database connected","timestamp":"2025-03-31T22:05:13.610Z"}
{"level":"info","message":"Database tables synced","timestamp":"2025-03-31T22:05:13.610Z"}
{"level":"error","message":"Error creating event: relation \"events\" does not exist","timestamp":"2025-03-31T22:05:17.157Z"}
{"level":"error","message":"Error creating event: string violation: location cannot be an array or an object","timestamp":"2025-03-31T22:07:19.609Z"}
{"level":"error","message":"Error creating event: relation \"events\" does not exist","timestamp":"2025-03-31T22:07:39.257Z"}
{"level":"error","message":"Error creating event: relation \"events\" does not exist","timestamp":"2025-03-31T22:08:19.567Z"}
{"level":"error","message":"Error creating event: relation \"events\" does not exist","timestamp":"2025-03-31T22:08:24.821Z"}
{"level":"error","message":"Error creating event: relation \"events\" does not exist","timestamp":"2025-03-31T22:08:29.965Z"}
{"level":"info","message":"Server running on port 3000","timestamp":"2025-03-31T22:08:35.512Z"}
{"level":"info","message":"Database connected","timestamp":"2025-03-31T22:08:35.682Z"}
{"level":"info","message":"Database tables synced","timestamp":"2025-03-31T22:08:35.683Z"}
{"level":"info","message":"Server running on port 3000","timestamp":"2025-03-31T22:14:50.857Z"}
{"level":"info","message":"Database connected","timestamp":"2025-03-31T22:14:51.040Z"}
{"level":"info","message":"Database tables synced","timestamp":"2025-03-31T22:14:51.041Z"}
{"level":"info","message":"Server running on port 3000","timestamp":"2025-03-31T22:15:20.353Z"}
{"level":"info","message":"Database connected","timestamp":"2025-03-31T22:15:20.474Z"}
{"level":"info","message":"Database tables synced","timestamp":"2025-03-31T22:15:20.475Z"}
{"level":"info","message":"Server running on port 3000","timestamp":"2025-03-31T22:40:53.148Z"}
{"level":"info","message":"Database connected","timestamp":"2025-03-31T22:40:53.299Z"}
{"level":"info","message":"Database tables synced","timestamp":"2025-03-31T22:40:53.303Z"}
{"level":"info","message":"Server running on port 3000","timestamp":"2025-03-31T22:40:55.963Z"}
{"level":"info","message":"Database connected","timestamp":"2025-03-31T22:40:56.085Z"}
{"level":"info","message":"Database tables synced","timestamp":"2025-03-31T22:40:56.085Z"}
{"level":"error","message":"Error creating event: relation \"events\" does not exist","timestamp":"2025-03-31T22:40:59.227Z"}
{"level":"error","message":"Error fetching events: relation \"events\" does not exist","timestamp":"2025-03-31T22:41:03.679Z"}
{"level":"error","message":"Error creating event: relation \"events\" does not exist","timestamp":"2025-03-31T22:42:25.823Z"}
{"level":"error","message":"Error creating event: relation \"events\" does not exist","timestamp":"2025-03-31T22:42:39.152Z"}
{"level":"info","message":"Server running on port 3000","timestamp":"2025-03-31T22:53:07.461Z"}
{"level":"info","message":"Database connected","timestamp":"2025-03-31T22:53:07.588Z"}
{"level":"info","message":"Database tables synced","timestamp":"2025-03-31T22:53:07.589Z"}
{"level":"error","message":"Error creating event: column \"title\" of relation \"events\" does not exist","timestamp":"2025-03-31T22:53:15.236Z"}
{"level":"info","message":"Server running on port 3000","timestamp":"2025-03-31T22:58:11.692Z"}
{"level":"info","message":"Database connected","timestamp":"2025-03-31T22:58:11.836Z"}
{"level":"info","message":"Database tables synced","timestamp":"2025-03-31T22:58:11.836Z"}
{"level":"error","message":"Error creating event: column \"createdAt\" of relation \"events\" does not exist","timestamp":"2025-03-31T22:58:16.920Z"}
{"level":"error","message":"Error creating event: column \"createdAt\" of relation \"events\" does not exist","timestamp":"2025-03-31T22:59:03.177Z"}
{"level":"info","message":"Server running on port 3000","timestamp":"2025-03-31T22:59:10.715Z"}
{"level":"info","message":"Database connected","timestamp":"2025-03-31T22:59:10.840Z"}
{"level":"info","message":"Database tables synced","timestamp":"2025-03-31T22:59:10.840Z"}
{"level":"error","message":"Error creating event: column \"createdAt\" of relation \"events\" does not exist","timestamp":"2025-03-31T22:59:13.332Z"}
{"level":"error","message":"Error creating event: column \"createdAt\" of relation \"events\" does not exist","timestamp":"2025-03-31T22:59:45.484Z"}
{"level":"info","message":"Server running on port 3000","timestamp":"2025-03-31T22:59:57.135Z"}
{"level":"info","message":"Database connected","timestamp":"2025-03-31T22:59:57.272Z"}
{"level":"info","message":"Database tables synced","timestamp":"2025-03-31T22:59:57.273Z"}
{"level":"error","message":"Error creating event: column \"createdAt\" of relation \"events\" does not exist","timestamp":"2025-03-31T23:00:00.912Z"}
{"level":"info","message":"Server running on port 3000","timestamp":"2025-03-31T23:00:51.591Z"}
{"level":"info","message":"Database connected","timestamp":"2025-03-31T23:00:51.729Z"}
{"level":"info","message":"Database tables synced","timestamp":"2025-03-31T23:00:51.730Z"}
{"level":"error","message":"Error creating event: column \"createdAt\" of relation \"events\" does not exist","timestamp":"2025-03-31T23:00:55.837Z"}
{"level":"info","message":"Server running on port 3000","timestamp":"2025-03-31T23:05:18.097Z"}
{"level":"info","message":"Database connected","timestamp":"2025-03-31T23:05:18.233Z"}
{"level":"info","message":"Database tables synced","timestamp":"2025-03-31T23:05:18.234Z"}
{"level":"error","message":"Error creating event: column \"userId\" does not exist","timestamp":"2025-03-31T23:05:25.369Z"}
{"level":"info","message":"Server running on port 3000","timestamp":"2025-03-31T23:12:11.230Z"}
{"level":"info","message":"Database connected","timestamp":"2025-03-31T23:12:11.363Z"}
{"level":"info","message":"Database tables synced","timestamp":"2025-03-31T23:12:11.363Z"}
{"level":"info","message":"Event created with ID 1","timestamp":"2025-03-31T23:12:27.524Z"}
{"level":"info","message":"Retrieved 1 events","timestamp":"2025-03-31T23:12:50.402Z"}
{"level":"error","message":"Error fetching event search: invalid input syntax for type integer: \"search\"","timestamp":"2025-03-31T23:12:58.199Z"}
{"level":"info","message":"Retrieved event with ID 1","timestamp":"2025-03-31T23:13:05.397Z"}
{"level":"info","message":"Retrieved event with ID 1","timestamp":"2025-03-31T23:13:24.244Z"}
{"level":"error","message":"Error updating event 1: record \"new\" has no field \"updated_at\"","timestamp":"2025-03-31T23:13:28.570Z"}
